
Errors and Warnings while Loading Component : C:\Magic\Magicxpi413\runtime\magic xpa\Add_On\UserFunctionality\UserFunctionality.eci (08/04/22 05:28:13)
=======================================================================================================================================================
-----------------------------------

Errors and Warnings while Loading Component : C:\Magic\Magicxpi413\runtime\magic xpa\Add_On\UserFunctionality\UserFunctionality.eci (12/04/22 21:31:00)
=======================================================================================================================================================
-----------------------------------

Errors and Warnings while Loading Component : C:\Magic\Magicxpi413\runtime\magic xpa\Add_On\UserFunctionality\UserFunctionality.eci (21/04/22 22:34:10)
=======================================================================================================================================================
-----------------------------------

Errors and Warnings while Loading Component : C:\Magic\Magicxpi413\runtime\magic xpa\Add_On\UserFunctionality\UserFunctionality.eci (22/04/22 22:34:13)
=======================================================================================================================================================
-----------------------------------

Errors and Warnings while Loading Component : C:\Magic\Magicxpi413\runtime\magic xpa\Add_On\UserFunctionality\UserFunctionality.eci (22/04/22 22:40:24)
=======================================================================================================================================================
-----------------------------------

Errors and Warnings while Loading Component : C:\Magic\Magicxpi413\runtime\magic xpa\Add_On\UserFunctionality\UserFunctionality.eci (06/05/22 22:00:18)
=======================================================================================================================================================
-----------------------------------

Errors and Warnings while Loading Component : C:\Magic\Magicxpi413\runtime\magic xpa\Add_On\UserFunctionality\UserFunctionality.eci (09/05/22 20:34:36)
=======================================================================================================================================================
-----------------------------------

Errors and Warnings while Loading Component : C:\Magic\Magicxpi413\runtime\magic xpa\Add_On\UserFunctionality\UserFunctionality.eci (10/05/22 20:56:15)
=======================================================================================================================================================
-----------------------------------

Errors and Warnings while Loading Component : C:\Magic\Magicxpi413\runtime\magic xpa\Add_On\UserFunctionality\UserFunctionality.eci (16/08/22 23:55:48)
=======================================================================================================================================================
-----------------------------------

Errors and Warnings while Loading Component : C:\Magic\Magicxpi413\runtime\magic xpa\Add_On\UserFunctionality\UserFunctionality.eci (17/08/22 00:44:55)
=======================================================================================================================================================
-----------------------------------

Errors and Warnings while Loading Component : C:\Magicxpi413\runtime\magic xpa\Add_On\UserFunctionality\UserFunctionality.eci (14/09/22 01:53:46)
=================================================================================================================================================
-----------------------------------

Errors and Warnings while Loading Component : C:\Magicxpi413\runtime\magic xpa\Add_On\UserFunctionality\UserFunctionality.eci (19/09/22 16:21:16)
=================================================================================================================================================
-----------------------------------

Errors and Warnings while Loading Component : C:\Magicxpi413\runtime\magic xpa\Add_On\UserFunctionality\UserFunctionality.eci (19/09/22 16:51:17)
=================================================================================================================================================
-----------------------------------

Errors and Warnings while Loading Component : C:\Magicxpi413\runtime\magic xpa\Add_On\UserFunctionality\UserFunctionality.eci (19/09/22 17:17:00)
=================================================================================================================================================
-----------------------------------

Errors and Warnings while Loading Component : C:\Magicxpi413\runtime\magic xpa\Add_On\UserFunctionality\UserFunctionality.eci (19/09/22 18:06:22)
=================================================================================================================================================
-----------------------------------

Errors and Warnings while Loading Component : C:\Magicxpi413\runtime\magic xpa\Add_On\UserFunctionality\UserFunctionality.eci (28/09/22 15:37:31)
=================================================================================================================================================
-----------------------------------

Errors and Warnings while Loading Component : C:\Magicxpi413\runtime\magic xpa\Add_On\UserFunctionality\UserFunctionality.eci (28/09/22 16:36:38)
=================================================================================================================================================
-----------------------------------

Errors and Warnings while Loading Component : C:\Magicxpi413\runtime\magic xpa\Add_On\UserFunctionality\UserFunctionality.eci (06/10/22 21:15:48)
=================================================================================================================================================
-----------------------------------

Errors and Warnings while Loading Component : C:\Magicxpi413\runtime\magic xpa\Add_On\UserFunctionality\UserFunctionality.eci (17/10/22 22:38:54)
=================================================================================================================================================
-----------------------------------

Errors and Warnings while Loading Component : C:\Magicxpi413\runtime\magic xpa\Add_On\UserFunctionality\UserFunctionality.eci (17/10/22 22:45:20)
=================================================================================================================================================
-----------------------------------

Errors and Warnings while Loading Component : C:\Magicxpi413\runtime\magic xpa\Add_On\UserFunctionality\UserFunctionality.eci (18/10/22 04:33:30)
=================================================================================================================================================
-----------------------------------

Errors and Warnings while Loading Component : C:\Magicxpi413\runtime\magic xpa\Add_On\UserFunctionality\UserFunctionality.eci (18/10/22 04:39:49)
=================================================================================================================================================
-----------------------------------

Errors and Warnings while Loading Component : C:\Magicxpi413\runtime\magic xpa\Add_On\UserFunctionality\UserFunctionality.eci (18/10/22 04:50:39)
=================================================================================================================================================
-----------------------------------

Errors and Warnings while Loading Component : C:\Magicxpi413\runtime\magic xpa\Add_On\UserFunctionality\UserFunctionality.eci (20/10/22 18:26:37)
=================================================================================================================================================
-----------------------------------

Errors and Warnings while Loading Component : C:\Magicxpi413\runtime\magic xpa\Add_On\UserFunctionality\UserFunctionality.eci (11/11/22 04:29:44)
=================================================================================================================================================
-----------------------------------

Errors and Warnings while Loading Component : C:\Magicxpi413\runtime\magic xpa\Add_On\UserFunctionality\UserFunctionality.eci (11/11/22 19:51:30)
=================================================================================================================================================
-----------------------------------

Errors and Warnings while Loading Component : C:\Magicxpi413\runtime\magic xpa\Add_On\UserFunctionality\UserFunctionality.eci (14/11/22 13:30:18)
=================================================================================================================================================
-----------------------------------

Errors and Warnings while Loading Component : C:\Magicxpi413\runtime\magic xpa\Add_On\UserFunctionality\UserFunctionality.eci (17/11/22 19:39:58)
=================================================================================================================================================
-----------------------------------

Errors and Warnings while Loading Component : C:\Magicxpi413\runtime\magic xpa\Add_On\UserFunctionality\UserFunctionality.eci (23/11/22 18:29:58)
=================================================================================================================================================
-----------------------------------

Errors and Warnings while Loading Component : C:\Magicxpi413\runtime\magic xpa\Add_On\UserFunctionality\UserFunctionality.eci (23/11/22 18:40:30)
=================================================================================================================================================
-----------------------------------

Errors and Warnings while Loading Component : C:\Magicxpi413\runtime\magic xpa\Add_On\UserFunctionality\UserFunctionality.eci (25/11/22 20:50:35)
=================================================================================================================================================
-----------------------------------

Errors and Warnings while Loading Component : C:\Magicxpi413\runtime\magic xpa\Add_On\UserFunctionality\UserFunctionality.eci (23/03/23 18:08:30)
=================================================================================================================================================
-----------------------------------

Errors and Warnings while Loading Component : C:\Magicxpi413\runtime\magic xpa\Add_On\UserFunctionality\UserFunctionality.eci (23/03/23 18:40:45)
=================================================================================================================================================
-----------------------------------

Errors and Warnings while Loading Component : C:\Magicxpi413\runtime\magic xpa\Add_On\UserFunctionality\UserFunctionality.eci (19/04/23 21:05:24)
=================================================================================================================================================
-----------------------------------

Errors and Warnings while Loading Component : C:\Magicxpi413\runtime\magic xpa\Add_On\UserFunctionality\UserFunctionality.eci (19/04/23 21:08:40)
=================================================================================================================================================
-----------------------------------

Errors and Warnings while Loading Component : C:\Magicxpi413\runtime\magic xpa\Add_On\UserFunctionality\UserFunctionality.eci (19/04/23 21:14:51)
=================================================================================================================================================
-----------------------------------
