
Errors and Warnings while Loading Component : C:\Magic\Magicxpi413\runtime\magic xpa\Add_On\UserFunctionality\UserFunctionality.eci (08/04/22 05:21:17)
=======================================================================================================================================================
-----------------------------------

Errors and Warnings while Loading Component : C:\Magic\Magicxpi413\runtime\magic xpa\Add_On\UserFunctionality\UserFunctionality.eci (12/04/22 22:35:46)
=======================================================================================================================================================
-----------------------------------

Errors and Warnings while Loading Component : C:\Magic\Magicxpi413\runtime\magic xpa\Add_On\UserFunctionality\UserFunctionality.eci (12/04/22 23:02:35)
=======================================================================================================================================================
-----------------------------------

Errors and Warnings while Loading Component : C:\Magic\Magicxpi413\runtime\magic xpa\Add_On\UserFunctionality\UserFunctionality.eci (12/04/22 23:08:08)
=======================================================================================================================================================
-----------------------------------

Errors and Warnings while Loading Component : C:\Magic\Magicxpi413\runtime\magic xpa\Add_On\UserFunctionality\UserFunctionality.eci (23/04/22 00:27:48)
=======================================================================================================================================================
-----------------------------------

Errors and Warnings while Loading Component : C:\Magic\Magicxpi413\runtime\magic xpa\Add_On\UserFunctionality\UserFunctionality.eci (25/04/22 21:43:24)
=======================================================================================================================================================
-----------------------------------

Errors and Warnings while Loading Component : C:\Magic\Magicxpi413\runtime\magic xpa\Add_On\UserFunctionality\UserFunctionality.eci (06/05/22 21:45:17)
=======================================================================================================================================================
-----------------------------------

Errors and Warnings while Loading Component : C:\Magic\Magicxpi413\runtime\magic xpa\Add_On\UserFunctionality\UserFunctionality.eci (06/05/22 21:47:01)
=======================================================================================================================================================
-----------------------------------

Errors and Warnings while Loading Component : C:\Magic\Magicxpi413\runtime\magic xpa\Add_On\UserFunctionality\UserFunctionality.eci (11/05/22 22:45:14)
=======================================================================================================================================================
-----------------------------------

Errors and Warnings while Loading Component : C:\Magic\Magicxpi413\runtime\magic xpa\Add_On\UserFunctionality\UserFunctionality.eci (31/05/22 22:24:23)
=======================================================================================================================================================
-----------------------------------

Errors and Warnings while Loading Component : C:\Magic\Magicxpi413\runtime\magic xpa\Add_On\UserFunctionality\UserFunctionality.eci (31/05/22 22:42:53)
=======================================================================================================================================================
-----------------------------------

Errors and Warnings while Loading Component : C:\Magic\Magicxpi413\runtime\magic xpa\Add_On\UserFunctionality\UserFunctionality.eci (09/06/22 15:48:49)
=======================================================================================================================================================
-----------------------------------

Errors and Warnings while Loading Component : C:\Magic\Magicxpi413\runtime\magic xpa\Add_On\UserFunctionality\UserFunctionality.eci (10/06/22 21:31:05)
=======================================================================================================================================================
-----------------------------------

Errors and Warnings while Loading Component : C:\Magic\Magicxpi413\runtime\magic xpa\Add_On\UserFunctionality\UserFunctionality.eci (10/06/22 21:43:00)
=======================================================================================================================================================
-----------------------------------

Errors and Warnings while Loading Component : C:\Magic\Magicxpi413\runtime\magic xpa\Add_On\UserFunctionality\UserFunctionality.eci (14/06/22 00:42:12)
=======================================================================================================================================================
-----------------------------------

Errors and Warnings while Loading Component : C:\Magic\Magicxpi413\runtime\magic xpa\Add_On\UserFunctionality\UserFunctionality.eci (14/06/22 19:36:01)
=======================================================================================================================================================
-----------------------------------

Errors and Warnings while Loading Component : C:\Magic\Magicxpi413\runtime\magic xpa\Add_On\UserFunctionality\UserFunctionality.eci (15/06/22 20:47:18)
=======================================================================================================================================================
-----------------------------------

Errors and Warnings while Loading Component : C:\Magic\Magicxpi413\runtime\magic xpa\Add_On\UserFunctionality\UserFunctionality.eci (15/06/22 21:03:59)
=======================================================================================================================================================
-----------------------------------

Errors and Warnings while Loading Component : C:\Magic\Magicxpi413\runtime\magic xpa\Add_On\UserFunctionality\UserFunctionality.eci (18/06/22 01:08:45)
=======================================================================================================================================================
-----------------------------------

Errors and Warnings while Loading Component : C:\Magic\Magicxpi413\runtime\magic xpa\Add_On\UserFunctionality\UserFunctionality.eci (20/06/22 16:52:48)
=======================================================================================================================================================
-----------------------------------

Errors and Warnings while Loading Component : C:\Magic\Magicxpi413\runtime\magic xpa\Add_On\UserFunctionality\UserFunctionality.eci (21/06/22 17:20:59)
=======================================================================================================================================================
-----------------------------------

Errors and Warnings while Loading Component : C:\Magic\Magicxpi413\runtime\magic xpa\Add_On\UserFunctionality\UserFunctionality.eci (29/06/22 22:12:40)
=======================================================================================================================================================
-----------------------------------

Errors and Warnings while Loading Component : C:\Magic\Magicxpi413\runtime\magic xpa\Add_On\UserFunctionality\UserFunctionality.eci (11/07/22 22:21:46)
=======================================================================================================================================================
-----------------------------------

Errors and Warnings while Loading Component : C:\Magic\Magicxpi413\runtime\magic xpa\Add_On\UserFunctionality\UserFunctionality.eci (11/07/22 22:27:13)
=======================================================================================================================================================
-----------------------------------

Errors and Warnings while Loading Component : C:\Magic\Magicxpi413\runtime\magic xpa\Add_On\UserFunctionality\UserFunctionality.eci (22/07/22 20:47:26)
=======================================================================================================================================================
-----------------------------------

Errors and Warnings while Loading Component : C:\Magic\Magicxpi413\runtime\magic xpa\Add_On\UserFunctionality\UserFunctionality.eci (22/07/22 20:50:51)
=======================================================================================================================================================
-----------------------------------

Errors and Warnings while Loading Component : C:\Magic\Magicxpi413\runtime\magic xpa\Add_On\UserFunctionality\UserFunctionality.eci (26/08/22 15:31:40)
=======================================================================================================================================================
-----------------------------------

Errors and Warnings while Loading Component : C:\Magic\Magicxpi413\runtime\magic xpa\Add_On\UserFunctionality\UserFunctionality.eci (30/08/22 21:26:12)
=======================================================================================================================================================
-----------------------------------

Errors and Warnings while Loading Component : C:\Magic\Magicxpi413\runtime\magic xpa\Add_On\UserFunctionality\UserFunctionality.eci (30/08/22 21:43:27)
=======================================================================================================================================================
-----------------------------------

Errors and Warnings while Loading Component : C:\Magic\Magicxpi413\runtime\magic xpa\Add_On\UserFunctionality\UserFunctionality.eci (01/09/22 11:05:17)
=======================================================================================================================================================
-----------------------------------

Errors and Warnings while Loading Component : C:\Magic\Magicxpi413\runtime\magic xpa\Add_On\UserFunctionality\UserFunctionality.eci (01/09/22 13:53:50)
=======================================================================================================================================================
-----------------------------------

Errors and Warnings while Loading Component : C:\Magicxpi413\runtime\magic xpa\Add_On\UserFunctionality\UserFunctionality.eci (07/09/22 21:14:32)
=================================================================================================================================================
-----------------------------------

Errors and Warnings while Loading Component : C:\Magicxpi413\runtime\magic xpa\Add_On\UserFunctionality\UserFunctionality.eci (07/09/22 21:23:00)
=================================================================================================================================================
-----------------------------------

Errors and Warnings while Loading Component : C:\Magicxpi413\runtime\magic xpa\Add_On\UserFunctionality\UserFunctionality.eci (02/10/22 22:46:01)
=================================================================================================================================================
-----------------------------------

Errors and Warnings while Loading Component : C:\Magicxpi413\runtime\magic xpa\Add_On\UserFunctionality\UserFunctionality.eci (03/10/22 14:14:34)
=================================================================================================================================================
-----------------------------------

Errors and Warnings while Loading Component : C:\Magicxpi413\runtime\magic xpa\Add_On\UserFunctionality\UserFunctionality.eci (03/10/22 14:27:31)
=================================================================================================================================================
-----------------------------------
