
Errors and Warnings while Loading Component : C:\Magic\Magicxpi413\runtime\magic xpa\Add_On\UserFunctionality\UserFunctionality.eci (08/04/22 05:28:13)
=======================================================================================================================================================
-----------------------------------

Errors and Warnings while Loading Component : C:\Magic\Magicxpi413\runtime\magic xpa\Add_On\UserFunctionality\UserFunctionality.eci (12/04/22 21:31:00)
=======================================================================================================================================================
-----------------------------------

Errors and Warnings while Loading Component : C:\Magic\Magicxpi413\runtime\magic xpa\Add_On\UserFunctionality\UserFunctionality.eci (21/04/22 22:34:10)
=======================================================================================================================================================
-----------------------------------

Errors and Warnings while Loading Component : C:\Magic\Magicxpi413\runtime\magic xpa\Add_On\UserFunctionality\UserFunctionality.eci (22/04/22 22:34:13)
=======================================================================================================================================================
-----------------------------------

Errors and Warnings while Loading Component : C:\Magic\Magicxpi413\runtime\magic xpa\Add_On\UserFunctionality\UserFunctionality.eci (22/04/22 22:40:24)
=======================================================================================================================================================
-----------------------------------

Errors and Warnings while Loading Component : C:\Magic\Magicxpi413\runtime\magic xpa\Add_On\UserFunctionality\UserFunctionality.eci (06/05/22 22:00:18)
=======================================================================================================================================================
-----------------------------------

Errors and Warnings while Loading Component : C:\Magic\Magicxpi413\runtime\magic xpa\Add_On\UserFunctionality\UserFunctionality.eci (09/05/22 20:34:36)
=======================================================================================================================================================
-----------------------------------

Errors and Warnings while Loading Component : C:\Magic\Magicxpi413\runtime\magic xpa\Add_On\UserFunctionality\UserFunctionality.eci (10/05/22 20:56:15)
=======================================================================================================================================================
-----------------------------------

Errors and Warnings while Loading Component : C:\Magic\Magicxpi413\runtime\magic xpa\Add_On\UserFunctionality\UserFunctionality.eci (16/08/22 23:55:48)
=======================================================================================================================================================
-----------------------------------

Errors and Warnings while Loading Component : C:\Magic\Magicxpi413\runtime\magic xpa\Add_On\UserFunctionality\UserFunctionality.eci (17/08/22 00:44:55)
=======================================================================================================================================================
-----------------------------------

Errors and Warnings while Loading Component : C:\Magicxpi413\runtime\magic xpa\Add_On\UserFunctionality\UserFunctionality.eci (14/09/22 01:53:46)
=================================================================================================================================================
-----------------------------------

Errors and Warnings while Loading Component : C:\Magicxpi413\runtime\magic xpa\Add_On\UserFunctionality\UserFunctionality.eci (19/09/22 16:21:16)
=================================================================================================================================================
-----------------------------------

Errors and Warnings while Loading Component : C:\Magicxpi413\runtime\magic xpa\Add_On\UserFunctionality\UserFunctionality.eci (19/09/22 16:51:17)
=================================================================================================================================================
-----------------------------------

Errors and Warnings while Loading Component : C:\Magicxpi413\runtime\magic xpa\Add_On\UserFunctionality\UserFunctionality.eci (19/09/22 17:17:00)
=================================================================================================================================================
-----------------------------------
